<?xml version="1.0" encoding="UTF-8"?>
<testng-results ignored="0" total="2" passed="2" failed="0" skipped="0">
  <reporter-output>
  </reporter-output>
  <suite started-at="2022-02-23T18:32:36 IST" name="Default suite" finished-at="2022-02-23T18:32:36 IST" duration-ms="89">
    <groups>
    </groups>
    <test started-at="2022-02-23T18:32:36 IST" name="Default test" finished-at="2022-02-23T18:32:36 IST" duration-ms="89">
      <class name="TestNgPractice.YahooMailTest">
        <test-method is-config="true" signature="launchBrowser()[pri:0, instance:TestNgPractice.YahooMailTest@10feca44]" started-at="2022-02-23T18:32:36 IST" name="launchBrowser" finished-at="2022-02-23T18:32:36 IST" duration-ms="10" status="PASS">
          <reporter-output>
          </reporter-output>
        </test-method> <!-- launchBrowser -->
        <test-method is-config="true" signature="login()[pri:0, instance:TestNgPractice.YahooMailTest@10feca44]" started-at="2022-02-23T18:32:36 IST" name="login" finished-at="2022-02-23T18:32:36 IST" duration-ms="1" status="PASS">
          <reporter-output>
          </reporter-output>
        </test-method> <!-- login -->
        <test-method signature="composeMailTest()[pri:1, instance:TestNgPractice.YahooMailTest@10feca44]" started-at="2022-02-23T18:32:36 IST" name="composeMailTest" finished-at="2022-02-23T18:32:36 IST" duration-ms="8" status="PASS">
          <reporter-output>
          </reporter-output>
        </test-method> <!-- composeMailTest -->
        <test-method is-config="true" signature="logout()[pri:0, instance:TestNgPractice.YahooMailTest@10feca44]" started-at="2022-02-23T18:32:36 IST" name="logout" finished-at="2022-02-23T18:32:36 IST" duration-ms="0" status="PASS">
          <reporter-output>
          </reporter-output>
        </test-method> <!-- logout -->
        <test-method signature="DeleteMail()[pri:2, instance:TestNgPractice.YahooMailTest@10feca44]" started-at="2022-02-23T18:32:36 IST" name="DeleteMail" finished-at="2022-02-23T18:32:36 IST" duration-ms="2" status="PASS">
          <reporter-output>
          </reporter-output>
        </test-method> <!-- DeleteMail -->
        <test-method is-config="true" signature="login()[pri:0, instance:TestNgPractice.YahooMailTest@10feca44]" started-at="2022-02-23T18:32:36 IST" name="login" finished-at="2022-02-23T18:32:36 IST" duration-ms="0" status="PASS">
          <reporter-output>
          </reporter-output>
        </test-method> <!-- login -->
        <test-method is-config="true" signature="logout()[pri:0, instance:TestNgPractice.YahooMailTest@10feca44]" started-at="2022-02-23T18:32:36 IST" name="logout" finished-at="2022-02-23T18:32:36 IST" duration-ms="1" status="PASS">
          <reporter-output>
          </reporter-output>
        </test-method> <!-- logout -->
        <test-method is-config="true" signature="quitBrowser()[pri:0, instance:TestNgPractice.YahooMailTest@10feca44]" started-at="2022-02-23T18:32:36 IST" name="quitBrowser" finished-at="2022-02-23T18:32:36 IST" duration-ms="0" status="PASS">
          <reporter-output>
          </reporter-output>
        </test-method> <!-- quitBrowser -->
      </class> <!-- TestNgPractice.YahooMailTest -->
    </test> <!-- Default test -->
  </suite> <!-- Default suite -->
</testng-results>
